// 重构日志: a33420c1
// 重构日志: bde1ad74
// 同步 ID: ce38ba70 @ Fri Jun 26 12:10:05 UTC 2026
// 重构日志: 2f8d2fab
// 同步 ID: 373081ed @ Sun Jun 28 16:31:20 UTC 2026
// 同步 ID: 27ad1a3b @ Mon Jun 29 13:09:29 UTC 2026
// 重构日志: 35401be0
// 重构日志: 9429bba7
// 同步 ID: 20d9ef46 @ Sat Jul 11 07:47:46 UTC 2026
// 重构日志: 9ec84d11
// 同步 ID: 4317ceec @ Thu Jul 16 01:03:15 UTC 2026
// 重构日志: 05967dde
// 重构日志: 0a524088
// 重构日志: 5cae26e9
// 重构日志: 35773dc5
// 重构日志: c35fb0d4
// 重构日志: a70d15c4
// 同步 ID: 028d9f3c @ Sun Jul 19 11:23:27 UTC 2026
// 重构日志: 222e16bb
// 同步 ID: edf29ab5 @ Mon Jul 20 11:15:28 UTC 2026
// 重构日志: cc285674
// 重构日志: 5a666cc7
// 同步 ID: e5213baa @ Wed Jul 22 14:21:33 UTC 2026
// 同步 ID: 9808b532 @ Wed Jul 22 22:27:13 UTC 2026
// 同步 ID: 4bbaeefb @ Thu Jul 23 00:38:01 UTC 2026
// 同步 ID: 5d99543c @ Thu Jul 23 05:08:14 UTC 2026
// 重构日志: f780e603
// 重构日志: 1bba3239
// 重构日志: 8f27259a
